2024-12-17T14:01:32.853Z systemd[1]:  Started Apply Kernel Variables.
2024-12-17T14:01:32.863Z systemd[1]:  Started Sky Xione reformat partitions.
2024-12-17T14:01:32.867Z systemd[1]:  Starting Sky Xione mount disk service...
2024-12-17T14:01:33.358Z systemd[1]:  Started Sky Xione mount disk service.
2024-12-17T14:01:33.361Z systemd[1]:  Starting Starts lxy database extraction in RDK-V...
2024-12-17T14:01:33.363Z systemd[1]:  var-lib.mount: Directory /var/lib to mount over is not empty, mounting anyway.
2024-12-17T14:01:33.366Z systemd[1]:  Mounting Bind mount volatile /var/lib...
2024-12-17T14:01:33.370Z systemd[1]:  Starting ecfs init service...
2024-12-17T14:01:33.373Z systemd[1]:  Starting Remount Root and Kernel File Systems...
2024-12-17T14:01:33.396Z systemd[1]:  Mounted Bind mount volatile /var/lib.
2024-12-17T14:01:33.404Z systemd[1]:  Started Remount Root and Kernel File Systems.
2024-12-17T14:01:33.409Z systemd[1]:  Starting Flush Journal to Persistent Storage...
2024-12-17T14:01:33.416Z systemd[1]:  Starting Create Static Device Nodes in /dev...
2024-12-17T14:01:33.430Z systemd[1]:  Starting udev Coldplug all Devices...
2024-12-17T14:01:33.473Z systemd[1]:  Started Flush Journal to Persistent Storage.
2024-12-17T14:01:33.482Z systemd[1]:  Started Create Static Device Nodes in /dev.
2024-12-17T14:01:33.490Z systemd[1]:  Starting udev Kernel Device Manager...
2024-12-17T14:01:33.491Z systemd[1]:  Reached target Local File Systems (Pre).
2024-12-17T14:01:33.509Z systemd[1]:  Mounting /var/volatile...
2024-12-17T14:01:33.510Z systemd[1]:  Mounted /var/volatile.
2024-12-17T14:01:33.516Z systemd[1]:  Starting Bind mount volatile /etc/resolv.conf...
2024-12-17T14:01:33.520Z systemd[1]:  Starting Bind mount volatile /etc/xupnp...
2024-12-17T14:01:33.532Z systemd[1]:  Starting Bind mount volatile /etc/hosts...
2024-12-17T14:01:33.532Z systemd[1]:  Starting Bind mount volatile /etc/hostname...
2024-12-17T14:01:33.534Z systemd[1]:  Starting Bind mount volatile /var/spool/cron...
2024-12-17T14:01:33.538Z systemd[1]:  Starting Bind mount volatile /www...
2024-12-17T14:01:33.545Z systemd[1]:  Starting Bind mount volatile /etc/resolv.dnsmasq...
2024-12-17T14:01:33.555Z systemd[1]:  Starting Bind mount volatile /etc/asound.conf...
2024-12-17T14:01:33.609Z systemd[1]:  Started Bind mount volatile /etc/hostname.
2024-12-17T14:01:33.610Z systemd[1]:  Started Bind mount volatile /var/spool/cron.
2024-12-17T14:01:33.630Z systemd[1]:  Started Bind mount volatile /etc/resolv.conf.
2024-12-17T14:01:33.640Z systemd[1]:  Started Bind mount volatile /etc/resolv.dnsmasq.
2024-12-17T14:01:33.647Z systemd[1]:  Started Bind mount volatile /etc/hosts.
2024-12-17T14:01:33.653Z systemd[1]:  Started Bind mount volatile /etc/asound.conf.
2024-12-17T14:01:33.665Z systemd[1]:  Started Bind mount volatile /www.
2024-12-17T14:01:33.676Z systemd[1]:  Started Starts lxy database extraction in RDK-V.
2024-12-17T14:01:33.682Z systemd[1]:  Starting Xpki cert bundle extraction in RDK-V...
2024-12-17T14:01:33.713Z systemd[1]:  Started udev Kernel Device Manager.
2024-12-17T14:01:33.722Z systemd[1]:  Started Bind mount volatile /etc/xupnp.
2024-12-17T14:01:33.725Z systemd[1]:  Reached target Local File Systems.
2024-12-17T14:01:33.732Z systemd[1]:  Starting Create Volatile Files and Directories...
2024-12-17T14:01:33.776Z systemd[1]:  Started Create Volatile Files and Directories.
2024-12-17T14:01:33.776Z systemd[1]:  Starting Network Time Synchronization...
2024-12-17T14:01:33.781Z systemd[1]:  Starting Update UTMP about System Boot/Shutdown...
2024-12-17T14:01:33.815Z systemd[1]:  Started udev Coldplug all Devices.
2024-12-17T14:01:33.839Z systemd[1]:  Started Update UTMP about System Boot/Shutdown.
2024-12-17T14:01:34.000Z systemd[1]:  Started Network Time Synchronization.
2024-12-17T14:01:34.001Z systemd[1]:  Reached target System Time Synchronized.
2024-12-17T14:01:34.001Z systemd[1]:  Reached target System Initialization.
2024-12-17T14:01:34.001Z systemd[1]:  Started Path Exists.
2024-12-17T14:01:34.001Z systemd[1]:  Started Disk Health Logger Timer.
2024-12-17T14:01:34.001Z systemd[1]:  Listening on hwselftest proxy socket.
2024-12-17T14:01:34.002Z systemd[1]:  Started Path Exists.
2024-12-17T14:01:34.002Z systemd[1]:  Started Ntpd configuration file changes.
2024-12-17T14:01:34.002Z systemd[1]:  Started Path Exists.
2024-12-17T14:01:34.009Z systemd[1]:  Starting sky-appsservice-legacy-vnc.socket.
2024-12-17T14:01:34.010Z systemd[1]:  Started Path Exists.
2024-12-17T14:01:34.010Z systemd[1]:  Started CPU Proc Analyzer Deamon.
2024-12-17T14:01:34.010Z systemd[1]:  Started NTP Server Time Sync Event.
2024-12-17T14:01:34.010Z systemd[1]:  Started WiFi Telemetry Data Monitoring Timer.
2024-12-17T14:01:34.011Z systemd[1]:  Started [udhcpc]Merges all the dns entries to a single file..
2024-12-17T14:01:34.011Z systemd[1]:  Started Apps Download Path.
2024-12-17T14:01:34.011Z systemd[1]:  Started Path Exists.
2024-12-17T14:01:34.011Z systemd[1]:  Started Reboot Counter Reset.
2024-12-17T14:01:34.011Z systemd[1]:  Started Daily Cleanup of Temporary Directories.
2024-12-17T14:01:34.011Z systemd[1]:  Started Samhain IDS Path.
2024-12-17T14:01:34.012Z systemd[1]:  Started Ping Telemetry Timer.
2024-12-17T14:01:34.012Z systemd[1]:  Listening on D-Bus System Message Bus Socket.
2024-12-17T14:01:34.012Z systemd[1]:  Started Update Previous reboot info path.
2024-12-17T14:01:34.012Z systemd[1]:  Started System health check timer.
2024-12-17T14:01:34.012Z systemd[1]:  Started Cec Daemon Path.
2024-12-17T14:01:34.012Z systemd[1]:  Started Disk Space Monitor Timer.
2024-12-17T14:01:34.012Z systemd[1]:  Started [upnp]Merges all the dns entries to a single file..
2024-12-17T14:01:34.021Z systemd[1]:  Started rdkssa shipd daemon Path.
2024-12-17T14:01:34.021Z systemd[1]:  Started [udhcpc]Merges all the dns entries to a single file..
2024-12-17T14:01:34.021Z systemd[1]:  Started [testagentloader]Merges all the dns entries to a single file..
2024-12-17T14:01:34.021Z systemd[1]:  Started Network connection status and wifi recovery timer.
2024-12-17T14:01:34.021Z systemd[1]:  Started Timesyncd restart path.
2024-12-17T14:01:34.022Z systemd[1]:  Started Parodus restart path.
2024-12-17T14:01:34.022Z systemd[1]:  Started MoCA Status Logger Timer.
2024-12-17T14:01:34.022Z systemd[1]:  Started Log Rotation Timer.
2024-12-17T14:01:34.022Z systemd[1]:  Started Lxc reboot path.
2024-12-17T14:01:34.022Z systemd[1]:  Started Vital process information Timer.
2024-12-17T14:01:34.022Z systemd[1]:  Started Start Telemetry2_0.
2024-12-17T14:01:34.022Z systemd[1]:  Reached target Paths.
2024-12-17T14:01:34.022Z systemd[1]:  Started Timer to log start & end date of static and dynamic operational certificates.
2024-12-17T14:01:34.022Z systemd[1]:  Reached target Timers.
2024-12-17T14:01:34.083Z systemd[1]:  Created slice system-network.slice.
2024-12-17T14:01:34.103Z systemd[1]:  Found device /dev/ttyS1.
2024-12-17T14:01:34.219Z systemd[1]:  Listening on sky-appsservice-legacy-vnc.socket.
2024-12-17T14:01:34.219Z systemd[1]:  Reached target Sockets.
2024-12-17T14:01:34.220Z systemd[1]:  Reached target Basic System.
2024-12-17T14:01:34.223Z systemd[1]:  Starting Sky Master Service...
2024-12-17T14:01:34.230Z systemd[1]:  Starting Schedule Maintenance by AutoReboot...
2024-12-17T14:01:34.247Z systemd[1]:  Started Service to ensure pre condition for rdm apps download.
2024-12-17T14:01:34.248Z systemd[1]:  Starting Service to load Sky Frontpanl button driver Module...
2024-12-17T14:01:34.248Z systemd[1]:  Started Getty on tty1.
2024-12-17T14:01:34.248Z systemd[1]:  Starting Save/Restore Sound Card State...
2024-12-17T14:01:34.264Z systemd[1]:  Started Essos Resource Mgr.
2024-12-17T14:01:34.264Z systemd[1]:  Starting Card Provision Check service...
2024-12-17T14:01:34.264Z systemd[1]:  Starting An IPC framework...
2024-12-17T14:01:34.264Z systemd[1]:  Starting Update Mount Failure Count...
2024-12-17T14:01:34.275Z systemd[1]:  Starting Redis...
2024-12-17T14:01:34.275Z systemd[1]:  Starting D-Bus System Message Bus...
2024-12-17T14:01:34.284Z systemd[1]:  Starting Co-pilot RDM Cleanup...
2024-12-17T14:01:34.285Z systemd[1]:  Starting Previous Log Backup Service...
2024-12-17T14:01:34.310Z systemd[1]:  Starting NTP Time Checker...
2024-12-17T14:01:34.310Z systemd[1]:  Starting network@eth0.service...
2024-12-17T14:01:34.311Z systemd[1]:  Starting This Service determines the whether XUPNP RFC is enabled or Not...
2024-12-17T14:01:34.311Z systemd[1]:  Started Serial Getty on ttyS0.
2024-12-17T14:01:34.311Z systemd[1]:  Reached target Login Prompts.
2024-12-17T14:01:34.312Z systemd[1]:  Starting Updating the certificates before upnp start....
2024-12-17T14:01:34.326Z systemd[1]:  Starting OOPS Dump service...
2024-12-17T14:01:34.326Z systemd[1]:  Starting Prepare certs for mutual authentification...
2024-12-17T14:01:34.327Z systemd[1]:  Starting Sky LED driver load service...
2024-12-17T14:01:34.331Z systemd[1]:  Starting A service for manipulating hosts...
2024-12-17T14:01:34.333Z systemd[1]:  Starting Ethernet Bridge Filtering Tables...
2024-12-17T14:01:34.357Z systemd[1]:  Starting Default Time Setter...
2024-12-17T14:01:34.358Z systemd[1]:  Starting Scheduled Rebooting Service...
2024-12-17T14:01:34.358Z systemd[1]:  Started NTP Time Checker.
2024-12-17T14:01:34.374Z systemd[1]:  Started Schedule Maintenance by AutoReboot.
2024-12-17T14:01:34.374Z systemd[1]:  Started Scheduled Rebooting Service.
2024-12-17T14:01:34.416Z systemd[1]:  Started Co-pilot RDM Cleanup.
2024-12-17T14:01:34.512Z systemd[1]:  Started Card Provision Check service.
2024-12-17T14:01:34.513Z systemd[1]:  Started OOPS Dump service.
2024-12-17T14:01:34.513Z systemd[1]:  Started network@eth0.service.
2024-12-17T14:01:34.536Z systemd[1]:  Started Service to load Sky Frontpanl button driver Module.
2024-12-17T14:01:34.552Z systemd[1]:  Started A service for manipulating hosts.
2024-12-17T14:01:34.562Z systemd[1]:  Listening on Avahi mDNS/DNS-SD Stack Activation Socket.
2024-12-17T14:01:34.567Z systemd[1]:  Starting Co-pilot RDM Cleanup...
2024-12-17T14:01:34.572Z systemd[1]:  Started Service to ensure pre condition for rdm apps download.
2024-12-17T14:01:34.580Z systemd[1]:  Starting Sky Master Service...
2024-12-17T14:01:34.583Z systemd[1]:  Starting Avahi mDNS/DNS-SD Stack...
2024-12-17T14:01:34.592Z systemd[1]:  Starting DBManager Service daemon for Unqlite Store...
2024-12-17T14:01:34.609Z systemd[1]:  Starting Schedule Maintenance by AutoReboot...
2024-12-17T14:01:34.609Z systemd[1]:  Started Ethernet Bridge Filtering Tables.
2024-12-17T14:01:34.609Z systemd[1]:  Started Co-pilot RDM Cleanup.
2024-12-17T14:01:34.611Z systemd[1]:  Started Sky Master Service.
2024-12-17T14:01:34.614Z systemd[1]:  Started Update Mount Failure Count.
2024-12-17T14:01:34.621Z systemd[1]:  Started Schedule Maintenance by AutoReboot.
2024-12-17T16:50:43.049Z systemd[1]:  Started Sky Master Service.
2024-12-17T16:50:43.049Z systemd[1]:  Time has been changed
2024-12-17T16:50:43.077Z systemd[1]:  Started Default Time Setter.
2024-12-17T16:50:43.091Z systemd[1]:  Started Prepare certs for mutual authentification.
2024-12-17T16:50:43.197Z systemd[1]:  Started Redis.
2024-12-17T16:50:43.198Z systemd[1]:  Started Save/Restore Sound Card State.
2024-12-17T16:50:43.236Z systemd[1]:  Starting network@ip6_vti0.service...
2024-12-17T16:50:43.236Z systemd[1]:  Starting network@ip6tnl0.service...
2024-12-17T16:50:43.244Z systemd[1]:  Reached target Sound Card.
2024-12-17T16:50:43.244Z systemd[1]:  Listening on Load/Save RF Kill Switch Status /dev/rfkill Watch.
2024-12-17T16:50:43.244Z systemd[1]:  Started network@ip6_vti0.service.
2024-12-17T16:50:43.245Z systemd[1]:  Started network@ip6tnl0.service.
2024-12-17T16:50:43.271Z systemd[1]:  Starting network@ip_vti0.service...
2024-12-17T16:50:43.290Z systemd[1]:  Started network@ip_vti0.service.
2024-12-17T16:50:43.342Z systemd[1]:  Started This Service determines the whether XUPNP RFC is enabled or Not.
2024-12-17T16:50:43.362Z systemd[1]:  Started Sky LED driver load service.
2024-12-17T16:50:43.366Z systemd[1]:  Started Sky LED Boot Pattern Service.
2024-12-17T16:50:43.408Z systemd[1]:  Started An IPC framework.
2024-12-17T16:50:43.414Z systemd[1]:  Started Session manager for rbus.
2024-12-17T16:50:43.419Z systemd[1]:  Started Updating the certificates before upnp start..
2024-12-17T16:50:43.478Z systemd[1]:  Started D-Bus System Message Bus.
2024-12-17T16:50:43.575Z systemd[1]:  Started Avahi mDNS/DNS-SD Stack.
2024-12-17T16:50:43.576Z systemd[1]:  Started DBManager Service daemon for Unqlite Store.
2024-12-17T16:50:43.593Z systemd[1]:  Starting Sky MW Config Manager Service daemon...
2024-12-17T16:50:43.593Z systemd[1]:  Starting Sky MW Localstore...
2024-12-17T16:50:43.780Z systemd[1]:  Started Xpki cert bundle extraction in RDK-V.
2024-12-17T16:50:43.940Z systemd[1]:  Started Sky MW Localstore.
2024-12-17T16:50:44.025Z systemd[1]:  Started Sky MW Config Manager Service daemon.
2024-12-17T16:50:44.028Z systemd[1]:  Starting Sky AS Proxy daemon...
2024-12-17T16:50:44.204Z systemd[1]:  Started ecfs init service.
2024-12-17T16:50:44.204Z systemd[1]:  Starting Secure mount service...
2024-12-17T16:50:44.242Z systemd[1]:  Started Secure mount service.
2024-12-17T16:50:44.242Z systemd[1]:  Starting Sky Xione mount encrypted VG-DRM persistent storage...
2024-12-17T16:50:44.257Z systemd[1]:  Starting Start/Stop the workload manager...
2024-12-17T16:50:44.258Z systemd[1]:  Starting AppArmor initialization...
2024-12-17T16:50:44.258Z systemd[1]:  Starting Enable OCSP support based on RFC...
2024-12-17T16:50:44.258Z systemd[1]:  Started Path Exists.
2024-12-17T16:50:44.258Z systemd[1]:  Starting Modprobe USB Input Modules based on image...
2024-12-17T16:50:44.259Z systemd[1]:  Started Path Exists.
2024-12-17T16:50:44.273Z systemd[1]:  Starting Power Mgr (pwrmgrSwitch)....
2024-12-17T16:50:44.434Z systemd[1]:  Started Modprobe USB Input Modules based on image.
2024-12-17T16:50:44.452Z systemd[1]:  Started Enable OCSP support based on RFC.
2024-12-17T16:50:44.452Z systemd[1]:  Started Power Mgr (pwrmgrSwitch)..
2024-12-17T16:50:44.506Z systemd[1]:  Started Start/Stop the workload manager.
2024-12-17T16:50:44.506Z systemd[1]:  Starting Start/Stop the CGroups Rules Engine Daemon...
2024-12-17T16:50:44.595Z systemd[1]:  Started Start/Stop the CGroups Rules Engine Daemon.
2024-12-17T16:50:44.595Z systemd[1]:  Starting Start/Stop the workload manager...
2024-12-17T16:50:44.602Z systemd[1]:  Starting Start/Stop the workload manager...
2024-12-17T16:50:44.605Z systemd[1]:  Started Start/Stop the workload manager.
2024-12-17T16:50:44.608Z systemd[1]:  Started Start/Stop the workload manager.
2024-12-17T16:50:44.825Z systemd[1]:  Started Previous Log Backup Service.
2024-12-17T16:50:44.826Z systemd[1]:  Starting Log RDK Started Service...
2024-12-17T16:50:44.828Z systemd[1]:  Started Sky AS Proxy daemon.
2024-12-17T16:50:44.866Z systemd[1]:  Started Log RDK Started Service.
2024-12-17T16:50:45.262Z systemd[1]:  Started Sky Xione mount encrypted VG-DRM persistent storage.
2024-12-17T16:50:46.658Z systemd[1]:  Started AppArmor initialization.
2024-12-17T16:50:46.662Z systemd[1]:  Starting System Logger Daemon...
2024-12-17T16:50:46.670Z systemd[1]:  Starting RDK Dobby (Container) daemon...
2024-12-17T16:50:46.671Z systemd[1]:  Starting Lightning Fast Webserver With Light System Requirements...
2024-12-17T16:50:46.711Z systemd[1]:  Started System Logger Daemon.
2024-12-17T16:50:46.713Z systemd[1]:  Starting Harddisk Checkup Service...
2024-12-17T16:50:46.760Z systemd[1]:  Started Lightning Fast Webserver With Light System Requirements.
2024-12-17T16:50:47.170Z systemd[1]:  Started RDK Dobby (Container) daemon.
2024-12-17T16:50:47.568Z systemd[1]:  Created slice system-usb\x2dmount.slice.
2024-12-17T16:50:49.310Z systemd[1]:  Started Harddisk Checkup Service.
2024-12-17T16:50:49.313Z systemd[1]:  Starting Prefetch page cache for Squash Filesystem access...
2024-12-17T16:50:49.318Z systemd[1]:  Starting Realtek tee-supplicant...
2024-12-17T16:50:49.377Z systemd[1]:  Started Realtek tee-supplicant.
2024-12-17T16:50:49.380Z systemd[1]:  Started Realtek HDMI service.
2024-12-17T16:50:49.389Z systemd[1]:  Starting Realtek fw log service...
2024-12-17T16:50:49.390Z systemd[1]:  Starting Realtek tee-log...
2024-12-17T16:50:49.396Z systemd[1]:  Started Realtek tee-log.
2024-12-17T16:50:49.441Z systemd[1]:  Started Realtek fw log service.
2024-12-17T16:50:49.442Z systemd[1]:  Starting Dolby audio FW license check service...
2024-12-17T16:50:49.448Z systemd[1]:  Started Prefetch page cache for Squash Filesystem access.
2024-12-17T16:50:49.526Z systemd[1]:  Started Dolby audio FW license check service.
2024-12-17T16:50:49.526Z systemd[1]:  Starting Realtek Audio service...
2024-12-17T16:50:49.563Z systemd[1]:  Started Realtek Audio service.
2024-12-17T16:50:49.567Z systemd[1]:  Starting IARM Bus Daemon...
2024-12-17T16:50:49.594Z systemd[1]:  Started IARM Bus Daemon.
2024-12-17T16:50:49.595Z systemd[1]:  Starting IARM Mgr Daemon MFR MGR...
2024-12-17T16:50:49.600Z systemd[1]:  Starting SoC Provisioning Daemon...
2024-12-17T16:50:49.615Z systemd[1]:  Starting An application to extract and deliver currently playing audio to registered consumers...
2024-12-17T16:50:49.615Z systemd[1]:  Starting IARM Mgr Daemon SYS MGR...
2024-12-17T16:50:49.615Z systemd[1]:  Started SoC Provisioning Daemon.
2024-12-17T16:50:49.866Z systemd[1]:  Started IARM Mgr Daemon SYS MGR.
2024-12-17T16:50:49.869Z systemd[1]:  Starting IARM Mgr Daemon DS MGR...
2024-12-17T16:50:50.285Z systemd[1]:  Started IARM Mgr Daemon DS MGR.
2024-12-17T16:50:50.285Z systemd[1]:  Started HDCP Service.
2024-12-17T16:50:50.285Z systemd[1]:  Starting Sky splashscreen-viewer service...
2024-12-17T16:50:50.296Z systemd[1]:  Started Sky splashscreen-viewer service.
2024-12-17T16:50:50.333Z systemd[1]:  Started IARM Mgr Daemon MFR MGR.
2024-12-17T16:50:50.339Z systemd[1]:  Starting System Time Mgr dameon provides quality of time....
2024-12-17T16:50:50.343Z systemd[1]:  Starting Service to mirror PCI & Firmware banks...
2024-12-17T16:50:50.347Z systemd[1]:  Starting QCA6390 WiFi driver service...
2024-12-17T16:50:50.376Z systemd[1]:  Started System Time Mgr dameon provides quality of time..
2025-01-20T12:50:36.012Z systemd[1]:  Time has been changed
2025-01-20T12:50:36.908Z systemd[1]:  Started Service to mirror PCI & Firmware banks.
2025-01-20T12:50:37.732Z systemd[1]:  Started QCA6390 WiFi driver service.
2025-01-20T12:50:37.733Z systemd[1]:  Starting Preferred Network Interface Settings Loader...
2025-01-20T12:50:37.734Z systemd[1]:  Starting Attach Qualcomm HCI UART to the UART port on the board....
2025-01-20T12:50:37.738Z systemd[1]:  Starting Moca IP Connectivity...
2025-01-20T12:50:37.781Z systemd[1]:  Started Moca IP Connectivity.
2025-01-20T12:50:37.789Z systemd[1]:  Started Preferred Network Interface Settings Loader.
2025-01-20T12:50:37.790Z systemd[1]:  Reached target Network is Online.
2025-01-20T12:50:37.793Z systemd[1]:  Starting Reboot Reason Log Service...
2025-01-20T12:50:37.798Z systemd[1]:  Starting Set up IP tables...
2025-01-20T12:50:37.807Z systemd[1]:  Starting Samhain IDS Precheck...
2025-01-20T12:50:37.808Z systemd[1]:  Started Static multicast routing daemon.
2025-01-20T12:50:37.874Z systemd[1]:  Starting RDNSS starter for IPv6...
2025-01-20T12:50:37.875Z systemd[1]:  Starting Check for network Interface...
2025-01-20T12:50:37.890Z systemd[1]:  Starting Cleans up Gstreamer Registry...
2025-01-20T12:50:37.891Z systemd[1]:  Starting Network Monitor Service....
2025-01-20T12:50:37.893Z systemd[1]:  Starting Update device details cache file...
2025-01-20T12:50:37.893Z systemd[1]:  Starting DNS forwarder and DHCP server...
2025-01-20T12:50:37.894Z systemd[1]:  Starting IP Interface Monitor Service...
2025-01-20T12:50:37.894Z systemd[1]:  Starting IP Setup Monitor Service...
2025-01-20T12:50:37.894Z systemd[1]:  nlmon.service: PID file /run/nlmon.pid not readable (yet?) after start: No such file or directory
2025-01-20T12:50:37.895Z systemd[1]:  Started Update device details cache file.
2025-01-20T12:50:37.895Z systemd[1]:  Starting TR69 Host Interface Daemon...
2025-01-20T12:50:37.896Z systemd[1]:  Starting Log board details...
2025-01-20T12:50:37.896Z systemd[1]:  Started IP Interface Monitor Service.
2025-01-20T12:50:37.896Z systemd[1]:  Started Samhain IDS Precheck.
2025-01-20T12:50:37.896Z systemd[1]:  Started IP Setup Monitor Service.
2025-01-20T12:50:37.939Z systemd[1]:  Started RDNSS starter for IPv6.
2025-01-20T12:50:38.216Z systemd[1]:  Started Network Monitor Service..
2025-01-20T12:50:38.377Z systemd[1]:  Started DNS forwarder and DHCP server.
2025-01-20T12:50:38.378Z systemd[1]:  Started COREDUMP UPLOAD.
2025-01-20T12:50:38.378Z systemd[1]:  Started MINIDUMP UPLOAD.
2025-01-20T12:50:38.700Z systemd[1]:  Started Reboot Reason Log Service.
2025-01-20T12:50:38.888Z systemd[1]:  Starting Load/Save RF Kill Switch Status...
2025-01-20T12:50:39.005Z systemd[1]:  Started Load/Save RF Kill Switch Status.
2025-01-20T12:50:39.050Z systemd[1]:  Starting network@wlan0.service...
2025-01-20T12:50:39.056Z systemd[1]:  Starting network@wlan1.service...
2025-01-20T12:50:39.167Z systemd[1]:  Started network@wlan0.service.
2025-01-20T12:50:39.269Z systemd[1]:  Started network@wlan1.service.
2025-01-20T12:50:39.507Z systemd[1]:  Started Log board details.
2025-01-20T12:50:39.992Z systemd[1]:  Started Set up IP tables.
2025-01-20T12:50:39.992Z systemd[1]:  Starting Set up IP tables for sky xione...
2025-01-20T12:50:40.050Z systemd[1]:  Started Set up IP tables for sky xione.
2025-01-20T12:50:40.092Z systemd[1]:  Started An application to extract and deliver currently playing audio to registered consumers.
2025-01-20T12:50:42.091Z systemd[1]:  Started TR69 Host Interface Daemon.
2025-01-20T12:50:42.094Z systemd[1]:  Starting RDK Remote Debugger...
2025-01-20T12:50:42.113Z systemd[1]:  Started Collectd.
2025-01-20T12:50:42.113Z systemd[1]:  Starting zram initialization service...
2025-01-20T12:50:42.114Z systemd[1]:  Started webconfig service.
2025-01-20T12:50:42.117Z systemd[1]:  Starting DOCSIS IP Connectivity...
2025-01-20T12:50:42.131Z systemd[1]:  Starting RDK Hardware Self Test App Init...
2025-01-20T12:50:42.131Z systemd[1]:  Starting Cec Daemon Precheck...
2025-01-20T12:50:42.132Z systemd[1]:  Starting Starts ca bundle update in RDK-V...
2025-01-20T12:50:42.143Z systemd[1]:  Starting Dump Backup Service...
2025-01-20T12:50:42.151Z systemd[1]:  Started MemCapture Tool.
2025-01-20T12:50:42.151Z systemd[1]:  Started COREDUMP UPLOAD.
2025-01-20T12:50:42.152Z systemd[1]:  Starting Mount USB Drive on sda...
2025-01-20T12:50:42.162Z systemd[1]:  Starting Network Manager Services (wifi, moca and bluetooth) Daemon...
2025-01-20T12:50:42.179Z systemd[1]:  Starting IARM Mgr Daemon IR MGR...
2025-01-20T12:50:42.179Z systemd[1]:  Started MINIDUMP UPLOAD.
2025-01-20T12:50:42.180Z systemd[1]:  Starting Mount USB Drive on sda1...
2025-01-20T12:50:42.180Z systemd[1]:  Starting DCM Service...
2025-01-20T12:50:42.186Z systemd[1]:  Started RDK Remote Debugger.
2025-01-20T12:50:42.198Z systemd[1]:  Started zram initialization service.
2025-01-20T12:50:42.215Z systemd[1]:  Started Starts ca bundle update in RDK-V.
2025-01-20T12:50:42.383Z systemd[1]:  Started Network Manager Services (wifi, moca and bluetooth) Daemon.
2025-01-20T12:50:42.408Z systemd[1]:  Started RDK Hardware Self Test App Init.
2025-01-20T12:50:42.514Z systemd[1]:  Started Cec Daemon Precheck.
2025-01-20T12:50:42.536Z systemd[1]:  Started Cec Daemon Main.
2025-01-20T12:50:42.611Z systemd[1]:  Started DCM Service.
2025-01-20T12:50:42.672Z systemd[1]:  Started IARM Mgr Daemon IR MGR.
2025-01-20T12:50:42.672Z systemd[1]:  Starting IARM Mgr Daemon Power MGR (pwrmgr)...
2025-01-20T12:50:42.712Z systemd[1]:  Started Mount USB Drive on sda1.
2025-01-20T12:50:42.809Z systemd[1]:  Started Mount USB Drive on sda.
2025-01-20T12:50:42.855Z systemd[1]:  Started Preferred Network Interface Controller.
2025-01-20T12:50:42.908Z systemd[1]:  Started Dump Backup Service.
2025-01-20T12:50:42.910Z systemd[1]:  Stopping MemCapture Tool...
2025-01-20T12:50:42.965Z systemd[1]:  Stopped MemCapture Tool.
2025-01-20T12:50:43.028Z systemd[1]:  Stopping Collectd...
2025-01-20T12:50:43.051Z systemd[1]:  Stopped Collectd.
2025-01-20T12:50:43.113Z systemd[1]:  Starting WPA supplicant...
2025-01-20T12:50:43.238Z systemd[1]:  Started IARM Mgr Daemon Power MGR (pwrmgr).
2025-01-20T12:50:43.246Z systemd[1]:  Starting Mediarite service...
2025-01-20T12:50:43.252Z systemd[1]:  Starting IARM Mgr Daemon DeepSleep MGR...
2025-01-20T12:50:43.253Z systemd[1]:  Starting Storagemanager main application...
2025-01-20T12:50:43.336Z systemd[1]:  Started IARM Mgr Daemon DeepSleep MGR.
2025-01-20T12:50:43.493Z systemd[1]:  Started WPA supplicant.
2025-01-20T12:50:43.539Z systemd[1]:  Created slice system-udhcpc_interface.slice.
2025-01-20T12:50:43.550Z systemd[1]:  Started udhcpc_interface@eth0.service.
2025-01-20T12:50:43.655Z systemd[1]:  Stopped DOCSIS IP Connectivity.
2025-01-20T12:50:43.656Z systemd[1]:  Starting DOCSIS IP Connectivity...
2025-01-20T12:50:44.556Z systemd[1]:  Created slice system-dnsmerge.slice.
2025-01-20T12:50:44.556Z systemd[1]:  Starting udhcpc Merges all the dns entries....
2025-01-20T12:50:44.658Z systemd[1]:  Started Timesyncd restart for ENV NTP URL.
2025-01-20T12:50:44.674Z systemd[1]:  Starting Webpa parodus Daemon...
2025-01-20T12:50:44.674Z systemd[1]:  Stopping NTP Time Checker...
2025-01-20T12:50:44.675Z systemd[1]:  Stopped NTP Time Checker.
2025-01-20T12:50:44.675Z systemd[1]:  Stopping Network Time Synchronization...
2025-01-20T12:50:44.742Z systemd[1]:  Stopped Network Time Synchronization.
2025-01-20T12:50:44.742Z systemd[1]:  Starting Network Time Synchronization...
2025-01-20T12:50:44.925Z systemd[1]:  Stopping DNS forwarder and DHCP server...
2025-01-20T12:50:44.935Z systemd[1]:  Stopped DNS forwarder and DHCP server.
2025-01-20T12:50:44.936Z systemd[1]:  Starting DNS forwarder and DHCP server...
2025-01-20T12:50:44.957Z systemd[1]:  Started Network Time Synchronization.
2025-01-20T12:50:44.968Z systemd[1]:  Starting NTP Time Checker...
2025-01-20T12:50:44.981Z systemd[1]:  Started NTP Time Checker.
2025-01-20T12:50:45.135Z systemd[1]:  Started DNS forwarder and DHCP server.
2025-01-20T12:50:45.151Z systemd[1]:  Started udhcpc Merges all the dns entries..
2025-01-20T12:50:45.804Z systemd[1]:  Stopping NTP Time Checker...
2025-01-20T12:50:45.809Z systemd[1]:  Stopped NTP Time Checker.
2025-01-20T12:50:45.811Z systemd[1]:  Stopping Network Time Synchronization...
2025-01-20T12:50:45.847Z systemd[1]:  Stopped Network Time Synchronization.
2025-01-20T12:50:45.855Z systemd[1]:  Starting Network Time Synchronization...
2025-01-20T12:50:45.956Z systemd[1]:  Started Attach Qualcomm HCI UART to the UART port on the board..
2025-01-20T12:50:45.962Z systemd[1]:  Starting Bluetooth service...
2025-01-20T12:50:46.019Z systemd[1]:  Started Network Time Synchronization.
2025-01-20T12:50:46.030Z systemd[1]:  Starting NTP Time Checker...
2025-01-20T12:50:46.039Z systemd[1]:  Started NTP Time Checker.
2025-01-20T12:50:46.118Z systemd[1]:  Started Storagemanager main application.
2025-01-20T12:50:46.125Z systemd[1]:  Starting Fog HLS Recording Service...
2025-01-20T12:50:46.125Z systemd[1]:  Starting Cleans up browser cache...
2025-01-20T13:32:22.616Z systemd[1]:  Time has been changed
2025-01-20T13:32:22.634Z systemd[1]:  Starting NTP event...
2025-01-20T13:32:22.661Z systemd[1]:  Started Cleans up browser cache.
2025-01-20T13:32:22.667Z systemd[1]:  Started Update Previous reboot info.
2025-01-20T13:32:22.762Z systemd[1]:  Started Bluetooth service.
2025-01-20T13:32:22.769Z systemd[1]:  Starting Bluetooth Manager Daemon over IARM IPC...
2025-01-20T13:32:22.770Z systemd[1]:  Reached target Bluetooth.
2025-01-20T13:32:22.777Z systemd[1]:  Starting Control Manager Main Service...
2025-01-20T13:32:22.963Z systemd[1]:  Started Fog HLS Recording Service.
2025-01-20T13:32:23.068Z systemd[1]:  Started NTP event.
2025-01-20T13:32:23.527Z systemd[1]:  Started Cleans up Gstreamer Registry.
2025-01-20T13:32:23.538Z systemd[1]:  Starting wpeframework...
2025-01-20T13:32:24.170Z systemd[1]:  Started Control Manager Main Service.
2025-01-20T13:32:25.795Z systemd[1]:  Started Mediarite service.
2025-01-20T13:32:26.096Z systemd[1]:  Started Bluetooth Manager Daemon over IARM IPC.
2025-01-20T13:32:27.242Z systemd[1]:  Started wpeframework.
2025-01-20T13:32:27.244Z systemd[1]:  Starting WPEFramework Monitor Initialiser...
2025-01-20T13:32:27.248Z systemd[1]:  Starting WPEFramework System Initialiser...
2025-01-20T13:32:27.251Z systemd[1]:  Starting WPEFramework HdcpProfile Initialiser...
2025-01-20T13:32:27.255Z systemd[1]:  Starting WPEFramework LinchPinClientManager Initialiser...
2025-01-20T13:32:27.267Z systemd[1]:  Starting WPEFramework CloudStore Initialiser...
2025-01-20T13:32:27.268Z systemd[1]:  Starting WPEFramework SecManager Initialiser...
2025-01-20T13:32:27.282Z systemd[1]:  Starting WPEFramework VoiceControl Initialiser...
2025-01-20T13:32:27.283Z systemd[1]:  Starting WPEFramework DisplaySettings Initialiser...
2025-01-20T13:32:27.284Z systemd[1]:  Starting WPEFramework FrontPanel Initialiser...
2025-01-20T13:32:27.284Z systemd[1]:  Starting WPEFramework DisplayInfo Initialiser...
2025-01-20T13:32:27.310Z systemd[1]:  Starting WPEFramework TextToSpeech Initialiser...
2025-01-20T13:32:27.325Z systemd[1]:  Starting WPEFramework TextTrack Initialiser...
2025-01-20T13:32:27.326Z systemd[1]:  Starting WPEFramework PlayerInfo Initialiser...
2025-01-20T13:32:27.327Z systemd[1]:  Starting WPEFramework Telemetry Initialiser...
2025-01-20T13:32:27.329Z systemd[1]:  Starting WPEFramework SystemMode Initialiser...
2025-01-20T13:32:27.329Z systemd[1]:  Starting WPEFramework Packager Initialiser...
2025-01-20T13:32:27.330Z systemd[1]:  Starting WPEFramework DeviceIdentification Initialiser...
2025-01-20T13:32:27.330Z systemd[1]:  Starting WPEFramework Bluetooth Initialiser...
2025-01-20T13:32:27.349Z systemd[1]:  Starting WPEFramework SystemAudioPlayer Initialiser...
2025-01-20T13:32:27.354Z systemd[1]:  Starting WPEFramework Messenger Initialiser...
2025-01-20T13:32:27.424Z systemd[1]:  Starting WPEFramework DeviceInfo Initialiser...
2025-01-20T13:32:27.441Z systemd[1]:  Starting WPEFramework HdmiCecSource Initialiser...
2025-01-20T13:32:27.449Z systemd[1]:  Starting WPEFramework NetworkManager Initialiser...
2025-01-20T13:32:27.455Z systemd[1]:  Starting WPEFramework PersistentStore Initialiser...
2025-01-20T13:32:27.459Z systemd[1]:  Starting WPEFramework AVInput Initialiser...
2025-01-20T13:32:27.460Z systemd[1]:  Starting WPEFramework Watermark Initialiser...
2025-01-20T13:32:27.461Z systemd[1]:  Starting WPEFramework Xcast Initialiser...
2025-01-20T13:32:27.462Z systemd[1]:  Starting WPEFramework RemoteControl Initialiser...
2025-01-20T13:32:27.463Z systemd[1]:  Starting WPEFramework MediaSettings Initialiser...
2025-01-20T13:32:27.594Z systemd[1]:  Started WPEFramework CloudStore Initialiser.
2025-01-20T13:32:27.901Z systemd[1]:  Started WPEFramework SecManager Initialiser.
2025-01-20T13:32:27.944Z systemd[1]:  Started WPEFramework System Initialiser.
2025-01-20T13:32:27.947Z systemd[1]:  Started WPEFramework DisplayInfo Initialiser.
2025-01-20T13:32:28.026Z systemd[1]:  Started WPEFramework LinchPinClientManager Initialiser.
2025-01-20T13:32:28.038Z systemd[1]:  Started WPEFramework Messenger Initialiser.
2025-01-20T13:32:28.065Z systemd[1]:  Started WPEFramework FrontPanel Initialiser.
2025-01-20T13:32:28.067Z systemd[1]:  Started WPEFramework Watermark Initialiser.
2025-01-20T13:32:28.070Z systemd[1]:  Started WPEFramework SystemMode Initialiser.
2025-01-20T13:32:28.072Z systemd[1]:  Started WPEFramework VoiceControl Initialiser.
2025-01-20T13:32:28.078Z systemd[1]:  Started WPEFramework NetworkManager Initialiser.
2025-01-20T13:32:28.081Z systemd[1]:  Started WPEFramework RemoteControl Initialiser.
2025-01-20T13:32:28.084Z systemd[1]:  Started WPEFramework Bluetooth Initialiser.
2025-01-20T13:32:28.096Z systemd[1]:  Started WPEFramework DeviceIdentification Initialiser.
2025-01-20T13:32:28.104Z systemd[1]:  Started WPEFramework Monitor Initialiser.
2025-01-20T13:32:28.109Z systemd[1]:  Started WPEFramework TextToSpeech Initialiser.
2025-01-20T13:32:28.116Z systemd[1]:  Started WPEFramework PlayerInfo Initialiser.
2025-01-20T13:32:28.120Z systemd[1]:  Started WPEFramework Packager Initialiser.
2025-01-20T13:32:28.123Z systemd[1]:  Started WPEFramework SystemAudioPlayer Initialiser.
2025-01-20T13:32:28.126Z systemd[1]:  Started WPEFramework HdmiCecSource Initialiser.
2025-01-20T13:32:28.130Z systemd[1]:  Started WPEFramework PersistentStore Initialiser.
2025-01-20T13:32:28.134Z systemd[1]:  Started WPEFramework Telemetry Initialiser.
2025-01-20T13:32:28.137Z systemd[1]:  Started WPEFramework DisplaySettings Initialiser.
2025-01-20T13:32:28.142Z systemd[1]:  Started WPEFramework AVInput Initialiser.
2025-01-20T13:32:28.146Z systemd[1]:  Started WPEFramework HdcpProfile Initialiser.
2025-01-20T13:32:28.151Z systemd[1]:  Started WPEFramework Xcast Initialiser.
2025-01-20T13:32:28.154Z systemd[1]:  Started WPEFramework MediaSettings Initialiser.
2025-01-20T13:32:28.157Z systemd[1]:  Started WPEFramework DeviceInfo Initialiser.
2025-01-20T13:32:28.187Z systemd[1]:  Starting WPEFramework SharedStorage Initialiser...
2025-01-20T13:32:28.190Z systemd[1]:  Starting WPEFramework UserSettings Initialiser...
2025-01-20T13:32:28.198Z systemd[1]:  Starting WPEFramework EasterEggs Initialiser...
2025-01-20T13:32:28.199Z systemd[1]:  Starting WPEFramework Wifi Initialiser...
2025-01-20T13:32:28.202Z systemd[1]:  Starting WPEFramework Network Initialiser...
2025-01-20T13:32:28.393Z systemd[1]:  Started WPEFramework EasterEggs Initialiser.
2025-01-20T13:32:28.408Z systemd[1]:  Started WPEFramework SharedStorage Initialiser.
2025-01-20T13:32:28.416Z systemd[1]:  Started WPEFramework UserSettings Initialiser.
2025-01-20T13:32:28.424Z systemd[1]:  Starting Firebolt reference implementation...
2025-01-20T13:32:28.448Z systemd[1]:  Started WPEFramework Wifi Initialiser.
2025-01-20T13:32:28.480Z systemd[1]:  Started WPEFramework Network Initialiser.
2025-01-20T13:32:28.486Z systemd[1]:  Starting WPEFramework IPControl Initialiser...
2025-01-20T13:32:28.495Z systemd[1]:  Starting WPEFramework LocationSync Initialiser...
2025-01-20T13:32:28.499Z systemd[1]:  Starting WPEFramework AuthService Initialiser...
2025-01-20T13:32:28.891Z systemd[1]:  Started WPEFramework TextTrack Initialiser.
2025-01-20T13:32:28.961Z systemd[1]:  Started WPEFramework LocationSync Initialiser.
2025-01-20T13:32:29.476Z systemd[1]:  Started WPEFramework AuthService Initialiser.
2025-01-20T13:32:29.478Z systemd[1]:  Starting WPEFramework MaintenanceManager Initialiser...
2025-01-20T13:32:29.479Z systemd[1]:  Starting WPEFramework DeviceProvisioning Initialiser...
2025-01-20T13:32:29.480Z systemd[1]:  Starting WPEFramework MediaSystem Initialiser...
2025-01-20T13:32:29.700Z systemd[1]:  Started WPEFramework MediaSystem Initialiser.
2025-01-20T13:32:29.700Z systemd[1]:  Started WPEFramework MaintenanceManager Initialiser.
2025-01-20T13:32:30.453Z systemd[1]:  Started DOCSIS IP Connectivity.
2025-01-20T13:32:30.686Z systemd[1]:  Started Check for network Interface.
2025-01-20T13:32:30.687Z systemd[1]:  Starting SSH Per-Connection Server...
2025-01-20T13:32:30.691Z systemd[1]:  Starting An instance of dropbear for free SSH access...
2025-01-20T13:32:30.750Z systemd[1]:  Started WPEFramework DeviceProvisioning Initialiser.
2025-01-20T13:32:30.750Z systemd[1]:  Starting WPEFramework OCDM Initialiser...
2025-01-20T13:32:30.793Z systemd[1]:  Started An instance of dropbear for free SSH access.
2025-01-20T13:32:31.436Z systemd[1]:  Started WPEFramework OCDM Initialiser.
2025-01-20T13:32:32.057Z systemd[1]:  Started WPEFramework IPControl Initialiser.
2025-01-20T13:32:32.475Z systemd[1]:  Started Webpa parodus Daemon.
2025-01-20T13:32:32.479Z systemd[1]:  Started xpki certificate aquisition.
2025-01-20T13:32:36.285Z systemd[1]:  Started Firebolt reference implementation.
2025-01-20T13:32:36.294Z systemd[1]:  Starting Sky AS Thunder Initialiser...
2025-01-20T13:32:36.298Z systemd[1]:  Starting Sky AS Apps Service...
2025-01-20T13:32:36.303Z systemd[1]:  Started Sky AS Thunder Initialiser.
2025-01-20T13:32:36.305Z systemd[1]:  Starting Sky AS Network Service...
2025-01-20T13:32:36.532Z systemd[1]:  Started SSH Per-Connection Server.
2025-01-20T13:32:36.568Z systemd[1]:  Started Sky AS Network Service.
2025-01-20T13:32:36.571Z systemd[1]:  Starting Sky AS System Service daemon...
2025-01-20T13:32:38.873Z systemd[1]:  Starting NTP event...
2025-01-20T13:32:39.472Z systemd[1]:  Started NTP event.
2025-01-20T13:32:40.826Z systemd[1]:  Started Sky AS System Service daemon.
2025-01-20T13:32:46.703Z systemd[1]:  Started Sky AS Apps Service.
2025-01-20T13:32:46.708Z systemd[1]:  Starting Sky Apps Service VNC / Remote Desktop Server...
2025-01-20T13:32:46.712Z systemd[1]:  Starting Copy playready certs...
2025-01-20T13:32:46.718Z systemd[1]:  Starting Sky AS Analytics Service daemon...
2025-01-20T13:32:46.722Z systemd[1]:  Starting Subtec subttxrend-app service...
2025-01-20T13:32:46.730Z systemd[1]:  Starting Sky Apps Service Gateway...
2025-01-20T13:32:46.865Z systemd[1]:  Started Copy playready certs.
2025-01-20T13:32:46.867Z systemd[1]:  Started Sky Apps Service VNC / Remote Desktop Server.
2025-01-20T13:32:46.874Z systemd[1]:  Starting Sky AS Player Service...
2025-01-20T13:32:47.144Z systemd[1]:  Started Sky AS Analytics Service daemon.
2025-01-20T13:32:48.077Z systemd[1]:  Starting network@dobby0.service...
2025-01-20T13:32:48.090Z systemd[1]:  Started network@dobby0.service.
2025-01-20T13:32:48.138Z systemd[1]:  Starting network@dobby_tap0.service...
2025-01-20T13:32:48.143Z systemd[1]:  Starting network@veth0.service...
2025-01-20T13:32:48.164Z systemd[1]:  Started network@dobby_tap0.service.
2025-01-20T13:32:48.169Z systemd[1]:  Started network@veth0.service.
2025-01-20T13:32:50.759Z systemd[1]:  Started Subtec subttxrend-app service.
2025-01-20T13:32:50.760Z systemd[1]:  Reached target Multi-User System.
2025-01-20T13:32:50.762Z systemd[1]:  Starting Update UTMP about System Runlevel Changes...
2025-01-20T13:32:50.786Z systemd[1]:  Started Update UTMP about System Runlevel Changes.
2025-01-20T13:32:50.879Z systemd[1]:  Started Sky Apps Service Gateway.
2025-01-20T13:32:51.544Z systemd[1]:  Started Sky AS Player Service.
2025-01-20T13:32:51.544Z systemd[1]:  Starting Sky AS VoiceSearch Service...
2025-01-20T13:32:51.544Z systemd[1]:  Starting Sky AS Peripherals Service daemon...
2025-01-20T13:32:51.553Z systemd[1]:  Starting Sky AS Bridge Service daemon...
2025-01-20T13:32:51.647Z systemd[1]:  Started Sky AS VoiceSearch Service.
2025-01-20T13:32:51.648Z systemd[1]:  Starting Testagent Loader service...
2025-01-20T13:32:51.699Z systemd[1]:  Stopped [testagentloader]Merges all the dns entries to a single file..
2025-01-20T13:32:51.752Z systemd[1]:  Started Sky AS Bridge Service daemon.
2025-01-20T13:32:51.834Z systemd[1]:  testagentloader.service: Main process exited, code=exited, status=1/FAILURE
2025-01-20T13:32:51.834Z systemd[1]:  Failed to start Testagent Loader service.
2025-01-20T13:32:51.834Z systemd[1]:  testagentloader.service: Unit entered failed state.
2025-01-20T13:32:51.834Z systemd[1]:  testagentloader.service: Triggering OnFailure= dependencies.
2025-01-20T13:32:51.835Z systemd[1]:  testagentloader.service: Failed with result 'exit-code'.
2025-01-20T13:32:51.839Z systemd[1]:  Starting Sky EPG Application...
2025-01-20T13:32:52.037Z systemd[1]:  Started Sky AS Peripherals Service daemon.
2025-01-20T13:32:52.602Z systemd[1]:  Starting Browser Service...
2025-01-20T13:32:52.734Z systemd[1]:  Starting network@veth1.service...
2025-01-20T13:32:52.773Z systemd[1]:  Started network@veth1.service.
2025-01-20T13:32:53.680Z systemd[1]:  Started Sky EPG Application.
2025-01-20T13:32:55.528Z systemd[1]:  Started Browser Service.
2025-01-20T13:32:55.528Z systemd[1]:  Startup finished in 2.891s (kernel) + 53.319s (userspace) = 56.211s.
2025-01-20T13:33:03.906Z systemd[1]:  Started Apps Download Service.
2025-01-20T13:33:05.966Z systemd[1]:  apps-rdm.service: Main process exited, code=exited, status=1/FAILURE
2025-01-20T13:33:05.968Z systemd[1]:  apps-rdm.service: Unit entered failed state.
2025-01-20T13:33:05.969Z systemd[1]:  apps-rdm.service: Failed with result 'exit-code'.
2025-01-20T13:33:11.109Z systemd[1]:  Starting NTP event...
2025-01-20T13:33:11.720Z systemd[1]:  Started NTP event.
2025-01-20T13:33:24.051Z systemd[1]:  Started Disk Space Monitor Service.
2025-01-20T13:33:24.057Z systemd[1]:  Started Moca Status Logger Service.
2025-01-20T13:33:24.064Z systemd[1]:  Started Disk Health Logger Service.
